"/Users/j.k.bowden/Documents/GitHub/Team_3_Project/Content/Mannequin/Character/Materials/MaterialLayers/T_ML_Aluminum01_N.uasset" 0
"/Users/j.k.bowden/Documents/GitHub/Team_3_Project/Content/Mannequin/Character/Materials/MaterialLayers/T_ML_Aluminum01_N.uexp" 1
"/Users/j.k.bowden/Documents/GitHub/Team_3_Project/Content/Mannequin/Character/Materials/MaterialLayers/T_ML_Aluminum01_N.ubulk" 2
"/Users/j.k.bowden/Documents/GitHub/Team_3_Project/Content/Mannequin/Character/Materials/MaterialLayers/T_ML_Aluminum01.uasset" 3
"/Users/j.k.bowden/Documents/GitHub/Team_3_Project/Content/Mannequin/Character/Materials/MaterialLayers/T_ML_Aluminum01.uexp" 4
"/Users/j.k.bowden/Documents/GitHub/Team_3_Project/Content/Mannequin/Character/Materials/MaterialLayers/T_ML_Aluminum01.ubulk" 5
"/Users/j.k.bowden/Documents/GitHub/Team_3_Project/Content/Mannequin/Character/Textures/T_Female_N.uasset" 6
"/Users/j.k.bowden/Documents/GitHub/Team_3_Project/Content/Mannequin/Character/Textures/T_Female_N.uexp" 7
"/Users/j.k.bowden/Documents/GitHub/Team_3_Project/Content/Mannequin/Character/Textures/T_Female_N.ubulk" 8
"/Users/j.k.bowden/Documents/GitHub/Team_3_Project/Content/Mannequin/Character/Textures/T_Male_N.uasset" 9
"/Users/j.k.bowden/Documents/GitHub/Team_3_Project/Content/Mannequin/Character/Textures/T_Male_N.uexp" 10
"/Users/j.k.bowden/Documents/GitHub/Team_3_Project/Content/Mannequin/Character/Textures/T_Male_N.ubulk" 11
"/Users/j.k.bowden/Documents/GitHub/Team_3_Project/Content/Mannequin/Character/Textures/T_Female_Mask.uasset" 12
"/Users/j.k.bowden/Documents/GitHub/Team_3_Project/Content/Mannequin/Character/Textures/T_Female_Mask.uexp" 13
"/Users/j.k.bowden/Documents/GitHub/Team_3_Project/Content/Mannequin/Character/Textures/T_Female_Mask.ubulk" 14
"/Users/j.k.bowden/Documents/GitHub/Team_3_Project/Content/Mannequin/Character/Textures/T_UE4Logo_Mask.uasset" 15
"/Users/j.k.bowden/Documents/GitHub/Team_3_Project/Content/Mannequin/Character/Textures/T_UE4Logo_Mask.uexp" 16
"/Users/j.k.bowden/Documents/GitHub/Team_3_Project/Content/Mannequin/Character/Textures/T_UE4Logo_Mask.ubulk" 17
"/Users/j.k.bowden/Documents/GitHub/Team_3_Project/Content/Mannequin/Character/Textures/T_Male_Mask.uasset" 18
"/Users/j.k.bowden/Documents/GitHub/Team_3_Project/Content/Mannequin/Character/Textures/T_Male_Mask.uexp" 19
"/Users/j.k.bowden/Documents/GitHub/Team_3_Project/Content/Mannequin/Character/Textures/T_Male_Mask.ubulk" 20
"/Users/j.k.bowden/Documents/GitHub/Team_3_Project/Content/Mannequin/Character/Materials/MaterialLayers/ML_SoftMetal_UE4.uasset" 21
"/Users/j.k.bowden/Documents/GitHub/Team_3_Project/Content/Mannequin/Character/Materials/MaterialLayers/ML_SoftMetal_UE4.uexp" 22
"/Users/j.k.bowden/Documents/GitHub/Team_3_Project/Content/Mannequin/Character/Materials/MaterialLayers/ML_Plastic_Shiny_Beige_LOGO.uasset" 23
"/Users/j.k.bowden/Documents/GitHub/Team_3_Project/Content/Mannequin/Character/Materials/MaterialLayers/ML_Plastic_Shiny_Beige_LOGO.uexp" 24
"/Users/j.k.bowden/Documents/GitHub/Team_3_Project/Content/Mannequin/Character/Materials/MaterialLayers/ML_Plastic_Shiny_Beige.uasset" 25
"/Users/j.k.bowden/Documents/GitHub/Team_3_Project/Content/Mannequin/Character/Materials/MaterialLayers/ML_Plastic_Shiny_Beige.uexp" 26
"/Users/j.k.bowden/Documents/GitHub/Team_3_Project/Content/Mannequin/Character/Materials/MaterialLayers/T_ML_Rubber_Blue_01_N.uasset" 27
"/Users/j.k.bowden/Documents/GitHub/Team_3_Project/Content/Mannequin/Character/Materials/MaterialLayers/T_ML_Rubber_Blue_01_N.uexp" 28
"/Users/j.k.bowden/Documents/GitHub/Team_3_Project/Content/Mannequin/Character/Materials/MaterialLayers/T_ML_Rubber_Blue_01_N.ubulk" 29
"/Users/j.k.bowden/Documents/GitHub/Team_3_Project/Content/Mannequin/Character/Materials/MaterialLayers/T_ML_Rubber_Blue_01_D.uasset" 30
"/Users/j.k.bowden/Documents/GitHub/Team_3_Project/Content/Mannequin/Character/Materials/MaterialLayers/T_ML_Rubber_Blue_01_D.uexp" 31
"/Users/j.k.bowden/Documents/GitHub/Team_3_Project/Content/Mannequin/Character/Materials/MaterialLayers/T_ML_Rubber_Blue_01_D.ubulk" 32
"/Users/j.k.bowden/Documents/GitHub/Team_3_Project/Content/Mannequin/Character/Materials/MaterialLayers/ML_GlossyBlack_Latex_UE4.uasset" 33
"/Users/j.k.bowden/Documents/GitHub/Team_3_Project/Content/Mannequin/Character/Materials/MaterialLayers/ML_GlossyBlack_Latex_UE4.uexp" 34
"../../../Engine/Content/Functions/MaterialLayerFunctions/MatLayerBlend_Simple.uasset" 35
"../../../Engine/Content/Functions/MaterialLayerFunctions/MatLayerBlend_Simple.uexp" 36
"../../../Engine/Content/Functions/Engine_MaterialFunctions02/Utility/BlendAngleCorrectedNormals.uasset" 37
"../../../Engine/Content/Functions/Engine_MaterialFunctions02/Utility/BlendAngleCorrectedNormals.uexp" 38
"../../../Engine/Content/Functions/MaterialLayerFunctions/MatLayerBlend_NormalBlend.uasset" 39
"../../../Engine/Content/Functions/MaterialLayerFunctions/MatLayerBlend_NormalBlend.uexp" 40
"/Users/j.k.bowden/Documents/GitHub/Team_3_Project/Content/Mannequin/Character/Materials/M_Male_Body.uasset" 41
"/Users/j.k.bowden/Documents/GitHub/Team_3_Project/Content/Mannequin/Character/Materials/M_Male_Body.uexp" 42
"/Users/j.k.bowden/Documents/GitHub/Team_3_Project/Content/Mannequin/Character/Materials/MI_Female_Body.uasset" 43
"/Users/j.k.bowden/Documents/GitHub/Team_3_Project/Content/Mannequin/Character/Materials/MI_Female_Body.uexp" 44
"/Users/j.k.bowden/Documents/GitHub/Team_3_Project/Content/Mannequin/Character/Textures/T_UE4Logo_N.uasset" 45
"/Users/j.k.bowden/Documents/GitHub/Team_3_Project/Content/Mannequin/Character/Textures/T_UE4Logo_N.uexp" 46
"/Users/j.k.bowden/Documents/GitHub/Team_3_Project/Content/Mannequin/Character/Textures/T_UE4Logo_N.ubulk" 47
"/Users/j.k.bowden/Documents/GitHub/Team_3_Project/Content/Mannequin/Character/Materials/M_UE4Man_ChestLogo.uasset" 48
"/Users/j.k.bowden/Documents/GitHub/Team_3_Project/Content/Mannequin/Character/Materials/M_UE4Man_ChestLogo.uexp" 49
"/Users/j.k.bowden/Documents/GitHub/Team_3_Project/Content/Mannequin/Character/Mesh/UE4_Mannequin_Skeleton.uasset" 50
"/Users/j.k.bowden/Documents/GitHub/Team_3_Project/Content/Mannequin/Character/Mesh/UE4_Mannequin_Skeleton.uexp" 51
"/Users/j.k.bowden/Documents/GitHub/Team_3_Project/Content/Mannequin/Character/Mesh/SK_Mannequin_Female_PhysicsAsset.uasset" 52
"/Users/j.k.bowden/Documents/GitHub/Team_3_Project/Content/Mannequin/Character/Mesh/SK_Mannequin_Female_PhysicsAsset.uexp" 53
"/Users/j.k.bowden/Documents/GitHub/Team_3_Project/Content/Mannequin/Character/Mesh/SK_Mannequin_Female.uasset" 54
"/Users/j.k.bowden/Documents/GitHub/Team_3_Project/Content/Mannequin/Character/Mesh/SK_Mannequin_Female.uexp" 55
"/Users/j.k.bowden/Documents/GitHub/Team_3_Project/Content/Mannequin/Animations/ThirdPersonJump_End.uasset" 56
"/Users/j.k.bowden/Documents/GitHub/Team_3_Project/Content/Mannequin/Animations/ThirdPersonJump_End.uexp" 57
"/Users/j.k.bowden/Documents/GitHub/Team_3_Project/Content/UI/BP_JL_MainMenu.uasset" 58
"/Users/j.k.bowden/Documents/GitHub/Team_3_Project/Content/UI/BP_JL_MainMenu.uexp" 59
"../../../Engine/Content/EngineMaterials/T_Default_Material_Grid_N.uasset" 60
"../../../Engine/Content/EngineMaterials/T_Default_Material_Grid_N.uexp" 61
"../../../Engine/Content/EngineMaterials/T_Default_Material_Grid_N.ubulk" 62
"../../../Engine/Content/EngineMaterials/T_Default_Material_Grid_M.uasset" 63
"../../../Engine/Content/EngineMaterials/T_Default_Material_Grid_M.uexp" 64
"../../../Engine/Content/EngineMaterials/T_Default_Material_Grid_M.ubulk" 65
"../../../Engine/Content/Functions/Engine_MaterialFunctions01/Opacity/CameraDepthFade.uasset" 66
"../../../Engine/Content/Functions/Engine_MaterialFunctions01/Opacity/CameraDepthFade.uexp" 67
"../../../Engine/Content/EngineMaterials/WorldGridMaterial.uasset" 68
"../../../Engine/Content/EngineMaterials/WorldGridMaterial.uexp" 69
"../../../Engine/Content/BasicShapes/Cube.uasset" 70
"../../../Engine/Content/BasicShapes/Cube.uexp" 71
"../../../Engine/Content/BasicShapes/BasicShapeMaterial.uasset" 72
"../../../Engine/Content/BasicShapes/BasicShapeMaterial.uexp" 73
"/Users/j.k.bowden/Documents/GitHub/Team_3_Project/Content/Blueprints/BP_Player_Character.uasset" 74
"/Users/j.k.bowden/Documents/GitHub/Team_3_Project/Content/Blueprints/BP_Player_Character.uexp" 75
"/Users/j.k.bowden/Documents/GitHub/Team_3_Project/Content/Blueprints/BP_Gamemode.uasset" 76
"/Users/j.k.bowden/Documents/GitHub/Team_3_Project/Content/Blueprints/BP_Gamemode.uexp" 77
"/Users/j.k.bowden/Documents/GitHub/Team_3_Project/Content/Mannequin/Character/Mesh/SK_Mannequin_PhysicsAsset.uasset" 78
"/Users/j.k.bowden/Documents/GitHub/Team_3_Project/Content/Mannequin/Character/Mesh/SK_Mannequin_PhysicsAsset.uexp" 79
"/Users/j.k.bowden/Documents/GitHub/Team_3_Project/Content/Mannequin/Character/Mesh/SK_Mannequin.uasset" 80
"/Users/j.k.bowden/Documents/GitHub/Team_3_Project/Content/Mannequin/Character/Mesh/SK_Mannequin.uexp" 81
"/Users/j.k.bowden/Documents/GitHub/Team_3_Project/Content/Blueprints/NPC/AIController_NPC.uasset" 82
"/Users/j.k.bowden/Documents/GitHub/Team_3_Project/Content/Blueprints/NPC/AIController_NPC.uexp" 83
"../../../Engine/Content/EditorBlueprintResources/StandardMacros.uasset" 84
"../../../Engine/Content/EditorBlueprintResources/StandardMacros.uexp" 85
"/Users/j.k.bowden/Documents/GitHub/Team_3_Project/Content/Mannequin/Animations/ThirdPersonWalk.uasset" 86
"/Users/j.k.bowden/Documents/GitHub/Team_3_Project/Content/Mannequin/Animations/ThirdPersonWalk.uexp" 87
"/Users/j.k.bowden/Documents/GitHub/Team_3_Project/Content/Mannequin/Animations/ThirdPersonIdle.uasset" 88
"/Users/j.k.bowden/Documents/GitHub/Team_3_Project/Content/Mannequin/Animations/ThirdPersonIdle.uexp" 89
"/Users/j.k.bowden/Documents/GitHub/Team_3_Project/Content/Mannequin/Animations/ThirdPersonRun.uasset" 90
"/Users/j.k.bowden/Documents/GitHub/Team_3_Project/Content/Mannequin/Animations/ThirdPersonRun.uexp" 91
"/Users/j.k.bowden/Documents/GitHub/Team_3_Project/Content/Mannequin/Animations/ThirdPerson_IdleRun_2D.uasset" 92
"/Users/j.k.bowden/Documents/GitHub/Team_3_Project/Content/Mannequin/Animations/ThirdPerson_IdleRun_2D.uexp" 93
"/Users/j.k.bowden/Documents/GitHub/Team_3_Project/Content/Mannequin/Animations/ThirdPerson_Jump.uasset" 94
"/Users/j.k.bowden/Documents/GitHub/Team_3_Project/Content/Mannequin/Animations/ThirdPerson_Jump.uexp" 95
"/Users/j.k.bowden/Documents/GitHub/Team_3_Project/Content/Mannequin/Animations/ThirdPersonJump_Loop.uasset" 96
"/Users/j.k.bowden/Documents/GitHub/Team_3_Project/Content/Mannequin/Animations/ThirdPersonJump_Loop.uexp" 97
"/Users/j.k.bowden/Documents/GitHub/Team_3_Project/Content/Mannequin/Animations/ThirdPersonJump_Start.uasset" 98
"/Users/j.k.bowden/Documents/GitHub/Team_3_Project/Content/Mannequin/Animations/ThirdPersonJump_Start.uexp" 99
"/Users/j.k.bowden/Documents/GitHub/Team_3_Project/Content/Mannequin/Animations/ThirdPerson_AnimBP.uasset" 100
"/Users/j.k.bowden/Documents/GitHub/Team_3_Project/Content/Mannequin/Animations/ThirdPerson_AnimBP.uexp" 101
"/Users/j.k.bowden/Documents/GitHub/Team_3_Project/Content/Blueprints/NPC/JB_NPC_Parent_BP.uasset" 102
"/Users/j.k.bowden/Documents/GitHub/Team_3_Project/Content/Blueprints/NPC/JB_NPC_Parent_BP.uexp" 103
"/Users/j.k.bowden/Documents/GitHub/Team_3_Project/Content/Blueprints/NPC/JB_NPC_BB.uasset" 104
"/Users/j.k.bowden/Documents/GitHub/Team_3_Project/Content/Blueprints/NPC/JB_NPC_BB.uexp" 105
"/Users/j.k.bowden/Documents/GitHub/Team_3_Project/Content/Blueprints/NPC/JB_NPC_BT.uasset" 106
"/Users/j.k.bowden/Documents/GitHub/Team_3_Project/Content/Blueprints/NPC/JB_NPC_BT.uexp" 107
"/Users/j.k.bowden/Documents/GitHub/Team_3_Project/Content/Meshes/SM_Junk001_Paper_LP.uasset" 108
"/Users/j.k.bowden/Documents/GitHub/Team_3_Project/Content/Meshes/SM_Junk001_Paper_LP.uexp" 109
"/Users/j.k.bowden/Documents/GitHub/Team_3_Project/Content/Meshes/SM_Junk001_Plank_LP.uasset" 110
"/Users/j.k.bowden/Documents/GitHub/Team_3_Project/Content/Meshes/SM_Junk001_Plank_LP.uexp" 111
"/Users/j.k.bowden/Documents/GitHub/Team_3_Project/Content/Meshes/SM_Junk001_BinBag_LP.uasset" 112
"/Users/j.k.bowden/Documents/GitHub/Team_3_Project/Content/Meshes/SM_Junk001_BinBag_LP.uexp" 113
"/Users/j.k.bowden/Documents/GitHub/Team_3_Project/Content/Meshes/SM_Junk001_CardboardBox_LP.uasset" 114
"/Users/j.k.bowden/Documents/GitHub/Team_3_Project/Content/Meshes/SM_Junk001_CardboardBox_LP.uexp" 115
"/Users/j.k.bowden/Documents/GitHub/Team_3_Project/Content/Meshes/SM_Junk001_DeformedBottle_LP.uasset" 116
"/Users/j.k.bowden/Documents/GitHub/Team_3_Project/Content/Meshes/SM_Junk001_DeformedBottle_LP.uexp" 117
"/Users/j.k.bowden/Documents/GitHub/Team_3_Project/Content/Meshes/SM_Junk001_Cloth_LP.uasset" 118
"/Users/j.k.bowden/Documents/GitHub/Team_3_Project/Content/Meshes/SM_Junk001_Cloth_LP.uexp" 119
"/Users/j.k.bowden/Documents/GitHub/Team_3_Project/Content/Meshes/SM_Junk001_Bottle_LP.uasset" 120
"/Users/j.k.bowden/Documents/GitHub/Team_3_Project/Content/Meshes/SM_Junk001_Bottle_LP.uexp" 121
"/Users/j.k.bowden/Documents/GitHub/Team_3_Project/Content/Meshes/ScaffoldingBridge_001_polySurface2.uasset" 122
"/Users/j.k.bowden/Documents/GitHub/Team_3_Project/Content/Meshes/ScaffoldingBridge_001_polySurface2.uexp" 123
"/Users/j.k.bowden/Documents/GitHub/Team_3_Project/Content/Meshes/SM_Junk001_Tyre_LP.uasset" 124
"/Users/j.k.bowden/Documents/GitHub/Team_3_Project/Content/Meshes/SM_Junk001_Tyre_LP.uexp" 125
"/Users/j.k.bowden/Documents/GitHub/Team_3_Project/Content/Meshes/CubeMaterial.uasset" 126
"/Users/j.k.bowden/Documents/GitHub/Team_3_Project/Content/Meshes/CubeMaterial.uexp" 127
"/Users/j.k.bowden/Documents/GitHub/Team_3_Project/Content/Meshes/1M_Cube_Chamfer.uasset" 128
"/Users/j.k.bowden/Documents/GitHub/Team_3_Project/Content/Meshes/1M_Cube_Chamfer.uexp" 129
"/Users/j.k.bowden/Documents/GitHub/Team_3_Project/Content/Sprites/Layer_5.uasset" 130
"/Users/j.k.bowden/Documents/GitHub/Team_3_Project/Content/Sprites/Layer_5.uexp" 131
"../../../Engine/Plugins/2D/Paper2D/Content/PlaceholderTextures/DummySpriteTexture.uasset" 132
"../../../Engine/Plugins/2D/Paper2D/Content/PlaceholderTextures/DummySpriteTexture.uexp" 133
"../../../Engine/Plugins/2D/Paper2D/Content/PlaceholderTextures/DummySpriteTexture.ubulk" 134
"../../../Engine/Plugins/2D/Paper2D/Content/DefaultSpriteMaterial.uasset" 135
"../../../Engine/Plugins/2D/Paper2D/Content/DefaultSpriteMaterial.uexp" 136
"../../../Engine/Plugins/2D/Paper2D/Content/TranslucentUnlitSpriteMaterial.uasset" 137
"../../../Engine/Plugins/2D/Paper2D/Content/TranslucentUnlitSpriteMaterial.uexp" 138
"/Users/j.k.bowden/Documents/GitHub/Team_3_Project/Content/Sprites/Layer_5_Sprite.uasset" 139
"/Users/j.k.bowden/Documents/GitHub/Team_3_Project/Content/Sprites/Layer_5_Sprite.uexp" 140
"/Users/j.k.bowden/Documents/GitHub/Team_3_Project/Content/Sprites/Layer_13.uasset" 141
"/Users/j.k.bowden/Documents/GitHub/Team_3_Project/Content/Sprites/Layer_13.uexp" 142
"/Users/j.k.bowden/Documents/GitHub/Team_3_Project/Content/Sprites/Layer_13_Sprite.uasset" 143
"/Users/j.k.bowden/Documents/GitHub/Team_3_Project/Content/Sprites/Layer_13_Sprite.uexp" 144
"/Users/j.k.bowden/Documents/GitHub/Team_3_Project/Content/Sprites/Layer_4.uasset" 145
"/Users/j.k.bowden/Documents/GitHub/Team_3_Project/Content/Sprites/Layer_4.uexp" 146
"/Users/j.k.bowden/Documents/GitHub/Team_3_Project/Content/Sprites/Layer_4_Sprite.uasset" 147
"/Users/j.k.bowden/Documents/GitHub/Team_3_Project/Content/Sprites/Layer_4_Sprite.uexp" 148
"../../../Engine/Content/Maps/Templates/Thumbnails/Default.uasset" 149
"../../../Engine/Content/Maps/Templates/Thumbnails/Default.uexp" 150
"../../../Engine/Content/Maps/Templates/Thumbnails/TimeOfDay.uasset" 151
"../../../Engine/Content/Maps/Templates/Thumbnails/TimeOfDay.uexp" 152
"../../../Engine/Content/Maps/Templates/Thumbnails/VR-Basic.uasset" 153
"../../../Engine/Content/Maps/Templates/Thumbnails/VR-Basic.uexp" 154
"../../../Engine/Content/MobileResources/T_MobileControls_texture.uasset" 155
"../../../Engine/Content/MobileResources/T_MobileControls_texture.uexp" 156
"../../../Engine/Content/MobileResources/T_MobileMenu2.uasset" 157
"../../../Engine/Content/MobileResources/T_MobileMenu2.uexp" 158
"../../../Engine/Content/MobileResources/HUD/MobileHUDDirectionPad3.uasset" 159
"../../../Engine/Content/MobileResources/HUD/MobileHUDDirectionPad3.uexp" 160
"../../../Engine/Content/MobileResources/HUD/MobileHUDButton2_off.uasset" 161
"../../../Engine/Content/MobileResources/HUD/MobileHUDButton2_off.uexp" 162
"../../../Engine/Content/MobileResources/HUD/MobileHUDButton3.uasset" 163
"../../../Engine/Content/MobileResources/HUD/MobileHUDButton3.uexp" 164
"../../../Engine/Content/MobileResources/HUD/T_Castle_ThumbstickInner.uasset" 165
"../../../Engine/Content/MobileResources/HUD/T_Castle_ThumbstickInner.uexp" 166
"../../../Engine/Content/MobileResources/HUD/MobileHUDDirectionStick.uasset" 167
"../../../Engine/Content/MobileResources/HUD/MobileHUDDirectionStick.uexp" 168
"../../../Engine/Content/MobileResources/HUD/VirtualJoystick_Background.uasset" 169
"../../../Engine/Content/MobileResources/HUD/VirtualJoystick_Background.uexp" 170
"../../../Engine/Content/MobileResources/HUD/VirtualJoystick_Thumb.uasset" 171
"../../../Engine/Content/MobileResources/HUD/VirtualJoystick_Thumb.uexp" 172
"../../../Engine/Content/MobileResources/HUD/DefaultVirtualJoysticks.uasset" 173
"../../../Engine/Content/MobileResources/HUD/DefaultVirtualJoysticks.uexp" 174
"../../../Engine/Content/MobileResources/HUD/T_Castle_ThumbstickOutter.uasset" 175
"../../../Engine/Content/MobileResources/HUD/T_Castle_ThumbstickOutter.uexp" 176
"../../../Engine/Content/MobileResources/HUD/MobileHUDButton2_on.uasset" 177
"../../../Engine/Content/MobileResources/HUD/MobileHUDButton2_on.uexp" 178
"../../../Engine/Content/MobileResources/HUD/MobileHUDDirectionPad2.uasset" 179
"../../../Engine/Content/MobileResources/HUD/MobileHUDDirectionPad2.uexp" 180
"../../../Engine/Content/MobileResources/HUD/MobileHUDDirectionPad.uasset" 181
"../../../Engine/Content/MobileResources/HUD/MobileHUDDirectionPad.uexp" 182
"../../../Engine/Content/MobileResources/HUD/AnalogHat.uasset" 183
"../../../Engine/Content/MobileResources/HUD/AnalogHat.uexp" 184
"../../../Engine/Content/MobileResources/HUD/MobileHUDButton1_on.uasset" 185
"../../../Engine/Content/MobileResources/HUD/MobileHUDButton1_on.uexp" 186
"../../../Engine/Content/MobileResources/HUD/MobileHUDButtonFire.uasset" 187
"../../../Engine/Content/MobileResources/HUD/MobileHUDButtonFire.uexp" 188
"../../../Engine/Content/MobileResources/HUD/LeftVirtualJoystickOnly.uasset" 189
"../../../Engine/Content/MobileResources/HUD/LeftVirtualJoystickOnly.uexp" 190
"../../../Engine/Content/MobileResources/HUD/MobileHUDButton1_off.uasset" 191
"../../../Engine/Content/MobileResources/HUD/MobileHUDButton1_off.uexp" 192
"../../../Engine/Content/Tutorial/ContentIntroCurve.uasset" 193
"../../../Engine/Content/Tutorial/ContentIntroCurve.uexp" 194
"../../../Engine/Content/Tutorial/Basics/TutorialAssets/icon_tab_Levels_40x.uasset" 195
"../../../Engine/Content/Tutorial/Basics/TutorialAssets/icon_tab_Levels_40x.uexp" 196
"../../../Engine/Content/EngineResources/DefaultTextureCube.uasset" 197
"../../../Engine/Content/EngineResources/DefaultTextureCube.uexp" 198
"../../../Engine/Content/EngineResources/DefaultTexture.uasset" 199
"../../../Engine/Content/EngineResources/DefaultTexture.uexp" 200
"../../../Engine/Content/EngineResources/DefaultTexture.ubulk" 201
"../../../Engine/Content/EngineResources/Black.uasset" 202
"../../../Engine/Content/EngineResources/Black.uexp" 203
"../../../Engine/Content/EngineResources/DefaultVolumeTexture2D.uasset" 204
"../../../Engine/Content/EngineResources/DefaultVolumeTexture2D.uexp" 205
"../../../Engine/Content/EngineResources/DefaultVolumeTexture.uasset" 206
"../../../Engine/Content/EngineResources/DefaultVolumeTexture.uexp" 207
"../../../Engine/Content/EngineResources/GradientTexture0.uasset" 208
"../../../Engine/Content/EngineResources/GradientTexture0.uexp" 209
"../../../Engine/Content/EditorLandscapeResources/DataLayer.uasset" 210
"../../../Engine/Content/EditorLandscapeResources/DataLayer.uexp" 211
"../../../Engine/Content/EditorLandscapeResources/DefaultAlphaTexture.uasset" 212
"../../../Engine/Content/EditorLandscapeResources/DefaultAlphaTexture.uexp" 213
"../../../Engine/Content/EditorMaterials/Camera/CineMat.uasset" 214
"../../../Engine/Content/EditorMaterials/Camera/CineMat.uexp" 215
"../../../Engine/Content/EditorMaterials/Camera/MI_CineMat_Rig.uasset" 216
"../../../Engine/Content/EditorMaterials/Camera/MI_CineMat_Rig.uexp" 217
"../../../Engine/Content/EditorMeshes/Camera/SM_CraneRig_Body.uasset" 218
"../../../Engine/Content/EditorMeshes/Camera/SM_CraneRig_Body.uexp" 219
"../../../Engine/Content/EditorMeshes/Camera/SM_RailRig_Mount.uasset" 220
"../../../Engine/Content/EditorMeshes/Camera/SM_RailRig_Mount.uexp" 221
"../../../Engine/Content/EditorMeshes/Camera/SM_CraneRig_Base.uasset" 222
"../../../Engine/Content/EditorMeshes/Camera/SM_CraneRig_Base.uexp" 223
"../../../Engine/Content/EditorMeshes/Camera/SM_CraneRig_Mount.uasset" 224
"../../../Engine/Content/EditorMeshes/Camera/SM_CraneRig_Mount.uexp" 225
"../../../Engine/Content/EditorMeshes/Camera/SM_CraneRig_Arm.uasset" 226
"../../../Engine/Content/EditorMeshes/Camera/SM_CraneRig_Arm.uexp" 227
"../../../Engine/Content/EditorMeshes/Camera/SM_RailRig_Track.uasset" 228
"../../../Engine/Content/EditorMeshes/Camera/SM_RailRig_Track.uexp" 229
"../../../Engine/Content/EngineFonts/Faces/RobotoRegular.uasset" 230
"../../../Engine/Content/EngineFonts/Faces/RobotoRegular.uexp" 231
"../../../Engine/Content/EngineFonts/Faces/RobotoRegular.ufont" 232
"../../../Engine/Content/EngineFonts/Faces/RobotoLight.uasset" 233
"../../../Engine/Content/EngineFonts/Faces/RobotoLight.uexp" 234
"../../../Engine/Content/EngineFonts/Faces/RobotoLight.ufont" 235
"../../../Engine/Content/EngineFonts/Faces/RobotoItalic.uasset" 236
"../../../Engine/Content/EngineFonts/Faces/RobotoItalic.uexp" 237
"../../../Engine/Content/EngineFonts/Faces/RobotoItalic.ufont" 238
"../../../Engine/Content/EngineFonts/Faces/RobotoBoldItalic.uasset" 239
"../../../Engine/Content/EngineFonts/Faces/RobotoBoldItalic.uexp" 240
"../../../Engine/Content/EngineFonts/Faces/RobotoBoldItalic.ufont" 241
"../../../Engine/Content/EngineFonts/Faces/RobotoBold.uasset" 242
"../../../Engine/Content/EngineFonts/Faces/RobotoBold.uexp" 243
"../../../Engine/Content/EngineFonts/Faces/RobotoBold.ufont" 244
"../../../Engine/Content/EngineFonts/Faces/DroidSansFallback.uasset" 245
"../../../Engine/Content/EngineFonts/Faces/DroidSansFallback.uexp" 246
"../../../Engine/Content/EngineFonts/Faces/DroidSansFallback.ufont" 247
"../../../Engine/Content/EngineFonts/Roboto.uasset" 248
"../../../Engine/Content/EngineFonts/Roboto.uexp" 249
"../../../Engine/Content/EngineDamageTypes/DmgTypeBP_Environmental.uasset" 250
"../../../Engine/Content/EngineDamageTypes/DmgTypeBP_Environmental.uexp" 251
"../../../Engine/Content/ArtTools/RenderToTexture/Meshes/S_1_Unit_Plane.uasset" 252
"../../../Engine/Content/ArtTools/RenderToTexture/Meshes/S_1_Unit_Plane.uexp" 253
"../../../Engine/Content/Animation/DefaultAnimCurveCompressionSettings.uasset" 254
"../../../Engine/Content/Animation/DefaultAnimCurveCompressionSettings.uexp" 255
"../../../Engine/Content/Animation/DefaultAnimBoneCompressionSettings.uasset" 256
"../../../Engine/Content/Animation/DefaultAnimBoneCompressionSettings.uexp" 257
"../../../Engine/Content/EngineMaterials/DefaultCalibrationGrayscale.uasset" 258
"../../../Engine/Content/EngineMaterials/DefaultCalibrationGrayscale.uexp" 259
"../../../Engine/Content/EngineMaterials/PPM_DefaultCalibrationGrayscale.uasset" 260
"../../../Engine/Content/EngineMaterials/PPM_DefaultCalibrationGrayscale.uexp" 261
"../../../Engine/Content/EngineResources/WhiteSquareTexture.uasset" 262
"../../../Engine/Content/EngineResources/WhiteSquareTexture.uexp" 263
"../../../Engine/Content/EngineMaterials/Widget3DPassThrough.uasset" 264
"../../../Engine/Content/EngineMaterials/Widget3DPassThrough.uexp" 265
"../../../Engine/Content/EngineMaterials/Widget3DPassThrough_Masked.uasset" 266
"../../../Engine/Content/EngineMaterials/Widget3DPassThrough_Masked.uexp" 267
"../../../Engine/Content/EngineMaterials/WeightMapPlaceholderTexture.uasset" 268
"../../../Engine/Content/EngineMaterials/WeightMapPlaceholderTexture.uexp" 269
"../../../Engine/Content/EngineMaterials/Widget3DPassThrough_Translucent.uasset" 270
"../../../Engine/Content/EngineMaterials/Widget3DPassThrough_Translucent.uexp" 271
"../../../Engine/Content/EngineMaterials/Widget3DPassThrough_Translucent_OneSided.uasset" 272
"../../../Engine/Content/EngineMaterials/Widget3DPassThrough_Translucent_OneSided.uexp" 273
"../../../Engine/Content/EngineMaterials/DefaultCalibrationColor.uasset" 274
"../../../Engine/Content/EngineMaterials/DefaultCalibrationColor.uexp" 275
"../../../Engine/Content/EngineMaterials/PPM_DefaultCalibrationColor.uasset" 276
"../../../Engine/Content/EngineMaterials/PPM_DefaultCalibrationColor.uexp" 277
"../../../Engine/Content/Functions/Engine_MaterialFunctions02/WorldPositionOffset/CameraOffset.uasset" 278
"../../../Engine/Content/Functions/Engine_MaterialFunctions02/WorldPositionOffset/CameraOffset.uexp" 279
"../../../Engine/Content/EngineMaterials/PhAT_JointLimitMaterial.uasset" 280
"../../../Engine/Content/EngineMaterials/PhAT_JointLimitMaterial.uexp" 281
"../../../Engine/Content/EngineMaterials/GizmoMaterial.uasset" 282
"../../../Engine/Content/EngineMaterials/GizmoMaterial.uexp" 283
"../../../Engine/Content/EngineMaterials/BlueNoise.uasset" 284
"../../../Engine/Content/EngineMaterials/BlueNoise.uexp" 285
"../../../Engine/Content/EngineMaterials/DefaultWhiteGrid_Low.uasset" 286
"../../../Engine/Content/EngineMaterials/DefaultWhiteGrid_Low.uexp" 287
"../../../Engine/Content/EngineMaterials/EmissiveMeshMaterial.uasset" 288
"../../../Engine/Content/EngineMaterials/EmissiveMeshMaterial.uexp" 289
"../../../Engine/Content/EngineMaterials/Widget3DPassThrough_Opaque.uasset" 290
"../../../Engine/Content/EngineMaterials/Widget3DPassThrough_Opaque.uexp" 291
"../../../Engine/Content/EngineMaterials/Widget3DPassThrough_Masked_OneSided.uasset" 292
"../../../Engine/Content/EngineMaterials/Widget3DPassThrough_Masked_OneSided.uexp" 293
"../../../Engine/Content/EngineMaterials/Good64x64TilingNoiseHighFreq.uasset" 294
"../../../Engine/Content/EngineMaterials/Good64x64TilingNoiseHighFreq.uexp" 295
"../../../Engine/Content/EngineMaterials/DefaultBloomKernel.uasset" 296
"../../../Engine/Content/EngineMaterials/DefaultBloomKernel.uexp" 297
"../../../Engine/Content/EngineMaterials/RemoveSurfaceMaterial.uasset" 298
"../../../Engine/Content/EngineMaterials/RemoveSurfaceMaterial.uexp" 299
"../../../Engine/Content/EngineMaterials/DefaultDiffuse.uasset" 300
"../../../Engine/Content/EngineMaterials/DefaultDiffuse.uexp" 301
"../../../Engine/Content/EngineMaterials/DefaultDiffuse.ubulk" 302
"../../../Engine/Content/EngineMaterials/DefaultDeferredDecalMaterial.uasset" 303
"../../../Engine/Content/EngineMaterials/DefaultDeferredDecalMaterial.uexp" 304
"../../../Engine/Content/Functions/Engine_MaterialFunctions02/Utility/BreakOutFloat2Components.uasset" 305
"../../../Engine/Content/Functions/Engine_MaterialFunctions02/Utility/BreakOutFloat2Components.uexp" 306
"../../../Engine/Content/EngineMaterials/DefaultPostProcessMaterial.uasset" 307
"../../../Engine/Content/EngineMaterials/DefaultPostProcessMaterial.uexp" 308
"../../../Engine/Content/EngineMaterials/DefaultPhysicalMaterial.uasset" 309
"../../../Engine/Content/EngineMaterials/DefaultPhysicalMaterial.uexp" 310
"../../../Engine/Content/EngineMaterials/BaseFlattenNormalMap.uasset" 311
"../../../Engine/Content/EngineMaterials/BaseFlattenNormalMap.uexp" 312
"../../../Engine/Content/EngineMaterials/BaseFlattenEmissiveMap.uasset" 313
"../../../Engine/Content/EngineMaterials/BaseFlattenEmissiveMap.uexp" 314
"../../../Engine/Content/EngineMaterials/BaseFlattenGrayscaleMap.uasset" 315
"../../../Engine/Content/EngineMaterials/BaseFlattenGrayscaleMap.uexp" 316
"../../../Engine/Content/EngineMaterials/BaseFlattenDiffuseMap.uasset" 317
"../../../Engine/Content/EngineMaterials/BaseFlattenDiffuseMap.uexp" 318
"../../../Engine/Content/EngineMaterials/BaseFlattenMaterial.uasset" 319
"../../../Engine/Content/EngineMaterials/BaseFlattenMaterial.uexp" 320
"../../../Engine/Content/EngineMaterials/InvalidLightmapSettings.uasset" 321
"../../../Engine/Content/EngineMaterials/InvalidLightmapSettings.uexp" 322
"../../../Engine/Content/EngineMaterials/InvalidLightmapSettings.ubulk" 323
"../../../Engine/Content/EngineMaterials/M_InvalidLightmapSettings.uasset" 324
"../../../Engine/Content/EngineMaterials/M_InvalidLightmapSettings.uexp" 325
"../../../Engine/Content/EngineFonts/RobotoDistanceField.uasset" 326
"../../../Engine/Content/EngineFonts/RobotoDistanceField.uexp" 327
"../../../Engine/Content/EngineMaterials/DefaultTextMaterialOpaque.uasset" 328
"../../../Engine/Content/EngineMaterials/DefaultTextMaterialOpaque.uexp" 329
"../../../Engine/Content/EngineMaterials/PreintegratedSkinBRDF.uasset" 330
"../../../Engine/Content/EngineMaterials/PreintegratedSkinBRDF.uexp" 331
"../../../Engine/Content/EngineMaterials/Widget3DPassThrough_Opaque_OneSided.uasset" 332
"../../../Engine/Content/EngineMaterials/Widget3DPassThrough_Opaque_OneSided.uexp" 333
"../../../Engine/Content/EngineMaterials/DefaultBokeh.uasset" 334
"../../../Engine/Content/EngineMaterials/DefaultBokeh.uexp" 335
"../../../Engine/Content/EngineMaterials/DefaultLightFunctionMaterial.uasset" 336
"../../../Engine/Content/EngineMaterials/DefaultLightFunctionMaterial.uexp" 337
"../../../Engine/Content/EngineMaterials/MiniFont.uasset" 338
"../../../Engine/Content/EngineMaterials/MiniFont.uexp" 339
"../../../Engine/Content/EngineMaterials/DefaultWhiteGrid.uasset" 340
"../../../Engine/Content/EngineMaterials/DefaultWhiteGrid.uexp" 341
"../../../Engine/Content/EngineMaterials/DefaultWhiteGrid.ubulk" 342
"../../../Engine/Content/EngineDebugMaterials/DebugEditorMaterial.uasset" 343
"../../../Engine/Content/EngineDebugMaterials/DebugEditorMaterial.uexp" 344
"../../../Engine/Content/Functions/Engine_MaterialFunctions01/Shading/ConvertFromDiffSpec.uasset" 345
"../../../Engine/Content/Functions/Engine_MaterialFunctions01/Shading/ConvertFromDiffSpec.uexp" 346
"../../../Engine/Content/EngineDebugMaterials/VertexColorMaterial.uasset" 347
"../../../Engine/Content/EngineDebugMaterials/VertexColorMaterial.uexp" 348
"../../../Engine/Content/EngineDebugMaterials/WireframeMaterial.uasset" 349
"../../../Engine/Content/EngineDebugMaterials/WireframeMaterial.uexp" 350
"../../../Engine/Content/EngineDebugMaterials/VolumeToRender.uasset" 351
"../../../Engine/Content/EngineDebugMaterials/VolumeToRender.uexp" 352
"../../../Engine/Content/Functions/Engine_MaterialFunctions02/Utility/CameraDirectionVector.uasset" 353
"../../../Engine/Content/Functions/Engine_MaterialFunctions02/Utility/CameraDirectionVector.uexp" 354
"../../../Engine/Content/EngineDebugMaterials/M_VolumeRenderSphereTracePP.uasset" 355
"../../../Engine/Content/EngineDebugMaterials/M_VolumeRenderSphereTracePP.uexp" 356
"../../../Engine/Content/EngineDebugMaterials/M_SimpleUnlitTranslucent.uasset" 357
"../../../Engine/Content/EngineDebugMaterials/M_SimpleUnlitTranslucent.uexp" 358
"../../../Engine/Content/EngineDebugMaterials/DebugMeshMaterial.uasset" 359
"../../../Engine/Content/EngineDebugMaterials/DebugMeshMaterial.uexp" 360
"../../../Engine/Content/EditorResources/S_Note.uasset" 361
"../../../Engine/Content/EditorResources/S_Note.uexp" 362
"../../../Engine/Content/EditorResources/S_Note.ubulk" 363
"../../../Engine/Content/EditorResources/S_Solver.uasset" 364
"../../../Engine/Content/EditorResources/S_Solver.uexp" 365
"../../../Engine/Content/EditorResources/S_Solver.ubulk" 366
"../../../Engine/Content/EditorResources/S_Terrain.uasset" 367
"../../../Engine/Content/EditorResources/S_Terrain.uexp" 368
"../../../Engine/Content/EditorResources/S_Terrain.ubulk" 369
"../../../Engine/Content/EditorResources/S_Trigger.uasset" 370
"../../../Engine/Content/EditorResources/S_Trigger.uexp" 371
"../../../Engine/Content/EditorResources/S_Trigger.ubulk" 372
"../../../Engine/Content/EditorResources/S_Actor.uasset" 373
"../../../Engine/Content/EditorResources/S_Actor.uexp" 374
"../../../Engine/Content/EditorResources/S_Actor.ubulk" 375
"../../../Engine/Content/EditorResources/EmptyActor.uasset" 376
"../../../Engine/Content/EditorResources/EmptyActor.uexp" 377
"../../../Engine/Content/EditorResources/BSPVertex.uasset" 378
"../../../Engine/Content/EditorResources/BSPVertex.uexp" 379
"../../../Engine/Content/EditorResources/SequenceRecorder/Countdown.uasset" 380
"../../../Engine/Content/EditorResources/SequenceRecorder/Countdown.uexp" 381
"../../../Engine/Content/EditorResources/SequenceRecorder/RecordingIndicator.uasset" 382
"../../../Engine/Content/EditorResources/SequenceRecorder/RecordingIndicator.uexp" 383
"../../../Engine/Content/EngineMaterials/DefaultMaterial.uasset" 384
"../../../Engine/Content/EngineMaterials/DefaultMaterial.uexp" 385
"../../../Engine/Content/BasicShapes/Cone.uasset" 386
"../../../Engine/Content/BasicShapes/Cone.uexp" 387
"../../../Engine/Content/BasicShapes/Plane.uasset" 388
"../../../Engine/Content/BasicShapes/Plane.uexp" 389
"../../../Engine/Content/BasicShapes/Sphere.uasset" 390
"../../../Engine/Content/BasicShapes/Sphere.uexp" 391
"../../../Engine/Content/Functions/Engine_MaterialFunctions01/Shading/PowerToRoughness.uasset" 392
"../../../Engine/Content/Functions/Engine_MaterialFunctions01/Shading/PowerToRoughness.uexp" 393
"../../../Engine/Content/EditorMaterials/PreviewShadowIndicator.uasset" 394
"../../../Engine/Content/EditorMaterials/PreviewShadowIndicator.uexp" 395
"../../../Engine/Content/EditorMaterials/PreviewShadowIndicator.ubulk" 396
"../../../Engine/Content/EditorMaterials/PreviewShadowIndicatorMaterial.uasset" 397
"../../../Engine/Content/EditorMaterials/PreviewShadowIndicatorMaterial.uexp" 398
"../../../Engine/Content/EditorMaterials/MAT_Groups_Toggle.uasset" 399
"../../../Engine/Content/EditorMaterials/MAT_Groups_Toggle.uexp" 400
"../../../Engine/Content/EditorMaterials/MAT_Groups_Visibility.uasset" 401
"../../../Engine/Content/EditorMaterials/MAT_Groups_Visibility.uexp" 402
"../../../Engine/Content/EditorMaterials/ParticleSystems/PSysThumbnail_NoImage.uasset" 403
"../../../Engine/Content/EditorMaterials/ParticleSystems/PSysThumbnail_NoImage.uexp" 404
"../../../Engine/Content/EditorMaterials/ParticleSystems/PSysThumbnail_NoImage.ubulk" 405
"../../../Engine/Content/EditorMaterials/ParticleSystems/PSysThumbnail_OOD.uasset" 406
"../../../Engine/Content/EditorMaterials/ParticleSystems/PSysThumbnail_OOD.uexp" 407
"../../../Engine/Content/EditorMaterials/ParticleSystems/PSysThumbnail_OOD.ubulk" 408
"../../../Engine/Content/EditorMaterials/MatineeGroups/MAT_Groups_Vector.uasset" 409
"../../../Engine/Content/EditorMaterials/MatineeGroups/MAT_Groups_Vector.uexp" 410
"../../../Engine/Content/EditorMaterials/MatineeGroups/MAT_ColorTrack.uasset" 411
"../../../Engine/Content/EditorMaterials/MatineeGroups/MAT_ColorTrack.uexp" 412
"../../../Engine/Content/EditorMaterials/MatineeGroups/MAT_Groups_AudioMaster.uasset" 413
"../../../Engine/Content/EditorMaterials/MatineeGroups/MAT_Groups_AudioMaster.uexp" 414
"../../../Engine/Content/EditorMaterials/MatineeGroups/MAT_Groups_Sound.uasset" 415
"../../../Engine/Content/EditorMaterials/MatineeGroups/MAT_Groups_Sound.uexp" 416
"../../../Engine/Content/EditorMaterials/MatineeGroups/MAT_Groups_Float.uasset" 417
"../../../Engine/Content/EditorMaterials/MatineeGroups/MAT_Groups_Float.uexp" 418
"../../../Engine/Content/EditorMaterials/MatineeGroups/MAT_Groups_Director.uasset" 419
"../../../Engine/Content/EditorMaterials/MatineeGroups/MAT_Groups_Director.uexp" 420
"../../../Engine/Content/EditorMaterials/MatineeGroups/MAT_Groups_Move.uasset" 421
"../../../Engine/Content/EditorMaterials/MatineeGroups/MAT_Groups_Move.uexp" 422
"../../../Engine/Content/EditorMaterials/MatineeGroups/MAT_Groups_Event.uasset" 423
"../../../Engine/Content/EditorMaterials/MatineeGroups/MAT_Groups_Event.uexp" 424
"../../../Engine/Content/EditorMaterials/MatineeGroups/MAT_Groups_Fade.uasset" 425
"../../../Engine/Content/EditorMaterials/MatineeGroups/MAT_Groups_Fade.uexp" 426
"../../../Engine/Content/EditorMaterials/MatineeGroups/MAT_Groups_Anim.uasset" 427
"../../../Engine/Content/EditorMaterials/MatineeGroups/MAT_Groups_Anim.uexp" 428
"../../../Engine/Content/EditorMaterials/MatineeGroups/MAT_Groups_Slomo.uasset" 429
"../../../Engine/Content/EditorMaterials/MatineeGroups/MAT_Groups_Slomo.uexp" 430
"../../../Engine/Content/EngineSounds/Master.uasset" 431
"../../../Engine/Content/EngineSounds/Master.uexp" 432
"../../../Engine/Content/EngineMeshes/Cylinder.uasset" 433
"../../../Engine/Content/EngineMeshes/Cylinder.uexp" 434
"../../../Engine/Content/EngineMeshes/Sphere.uasset" 435
"../../../Engine/Content/EngineMeshes/Sphere.uexp" 436
"../../../Engine/Content/EngineSky/VolumetricClouds/CloudWeatherTexture.uasset" 437
"../../../Engine/Content/EngineSky/VolumetricClouds/CloudWeatherTexture.uexp" 438
"../../../Engine/Content/EngineSky/VolumetricClouds/T_NoiseShape64.uasset" 439
"../../../Engine/Content/EngineSky/VolumetricClouds/T_NoiseShape64.uexp" 440
"../../../Engine/Content/EngineSky/VolumetricClouds/T_NoiseShape64.ubulk" 441
"../../../Engine/Content/EngineSky/VolumetricClouds/T_VolumeNoiseShape64.uasset" 442
"../../../Engine/Content/EngineSky/VolumetricClouds/T_VolumeNoiseShape64.uexp" 443
"../../../Engine/Content/EngineSky/VolumetricClouds/T_NoiseErosion.uasset" 444
"../../../Engine/Content/EngineSky/VolumetricClouds/T_NoiseErosion.uexp" 445
"../../../Engine/Content/EngineSky/VolumetricClouds/T_NoiseErosion.ubulk" 446
"../../../Engine/Content/EngineSky/VolumetricClouds/T_VolumeNoiseErosion32.uasset" 447
"../../../Engine/Content/EngineSky/VolumetricClouds/T_VolumeNoiseErosion32.uexp" 448
"../../../Engine/Content/EngineSky/VolumetricClouds/CloudGradientTexture.uasset" 449
"../../../Engine/Content/EngineSky/VolumetricClouds/CloudGradientTexture.uexp" 450
"../../../Engine/Content/Functions/Engine_MaterialFunctions02/Utility/MakeFloat2.uasset" 451
"../../../Engine/Content/Functions/Engine_MaterialFunctions02/Utility/MakeFloat2.uexp" 452
"../../../Engine/Content/EngineSky/VolumetricClouds/m_SimpleVolumetricCloud.uasset" 453
"../../../Engine/Content/EngineSky/VolumetricClouds/m_SimpleVolumetricCloud.uexp" 454
"../../../Engine/Content/EngineSky/VolumetricClouds/m_SimpleVolumetricCloud_Inst.uasset" 455
"../../../Engine/Content/EngineSky/VolumetricClouds/m_SimpleVolumetricCloud_Inst.uexp" 456
"../../../Engine/Content/VREditor/TransformGizmo/TranslucentTransformGizmoMaterial.uasset" 457
"../../../Engine/Content/VREditor/TransformGizmo/TranslucentTransformGizmoMaterial.uexp" 458
"../../../Engine/Content/VREditor/LaserPointer/VR_LaserPower_01.uasset" 459
"../../../Engine/Content/VREditor/LaserPointer/VR_LaserPower_01.uexp" 460
"../../../Engine/Content/VREditor/LaserPointer/VR_LaserPower_01.ubulk" 461
"../../../Engine/Content/VREditor/TransformGizmo/TransformGizmoMaterial.uasset" 462
"../../../Engine/Content/VREditor/TransformGizmo/TransformGizmoMaterial.uexp" 463
"../../../Engine/Content/VREditor/TransformGizmo/PlaneTranslationHandle.uasset" 464
"../../../Engine/Content/VREditor/TransformGizmo/PlaneTranslationHandle.uexp" 465
"../../../Engine/Content/VREditor/TransformGizmo/Xray.uasset" 466
"../../../Engine/Content/VREditor/TransformGizmo/Xray.uexp" 467
"../../../Engine/Content/VREditor/TransformGizmo/Main.uasset" 468
"../../../Engine/Content/VREditor/TransformGizmo/Main.uexp" 469
"../../../Engine/Content/VREditor/TransformGizmo/SM_Sequencer_Key.uasset" 470
"../../../Engine/Content/VREditor/TransformGizmo/SM_Sequencer_Key.uexp" 471
"../../../Engine/Content/VREditor/TransformGizmo/BoundingBoxCorner.uasset" 472
"../../../Engine/Content/VREditor/TransformGizmo/BoundingBoxCorner.uexp" 473
"../../../Engine/Content/VREditor/TransformGizmo/SM_Sequencer_Node.uasset" 474
"../../../Engine/Content/VREditor/TransformGizmo/SM_Sequencer_Node.uexp" 475
"../../../Engine/Content/VREditor/TransformGizmo/BoundingBoxEdge.uasset" 476
"../../../Engine/Content/VREditor/TransformGizmo/BoundingBoxEdge.uexp" 477
"../../../Engine/Plugins/2D/Paper2D/Content/OpaqueUnlitSpriteMaterial.uasset" 478
"../../../Engine/Plugins/2D/Paper2D/Content/OpaqueUnlitSpriteMaterial.uexp" 479
"../../../Engine/Plugins/2D/Paper2D/Content/DummySprite.uasset" 480
"../../../Engine/Plugins/2D/Paper2D/Content/DummySprite.uexp" 481
"../../../Engine/Plugins/2D/Paper2D/Content/DefaultPaperTerrainMaterial.uasset" 482
"../../../Engine/Plugins/2D/Paper2D/Content/DefaultPaperTerrainMaterial.uexp" 483
"../../../Engine/Plugins/2D/Paper2D/Content/MaskedUnlitSpriteMaterial.uasset" 484
"../../../Engine/Plugins/2D/Paper2D/Content/MaskedUnlitSpriteMaterial.uexp" 485
"../../../Engine/Content/BasicShapes/Cylinder.uasset" 486
"../../../Engine/Content/BasicShapes/Cylinder.uexp" 487
"../../../Engine/Content/ArtTools/RenderToTexture/Materials/Debug/M_Emissive_Color.uasset" 488
"../../../Engine/Content/ArtTools/RenderToTexture/Materials/Debug/M_Emissive_Color.uexp" 489
"../../../Engine/Plugins/Lumin/MagicLeapPassableWorld/Content/MagicLeapARPinInfoActor.uasset" 490
"../../../Engine/Plugins/Lumin/MagicLeapPassableWorld/Content/MagicLeapARPinInfoActor.uexp" 491
"../../../Engine/Plugins/Editor/SpeedTreeImporter/Content/SpeedTree9/EmptyNormal.uasset" 492
"../../../Engine/Plugins/Editor/SpeedTreeImporter/Content/SpeedTree9/EmptyNormal.uexp" 493
"../../../Engine/Plugins/Editor/SpeedTreeImporter/Content/SpeedTree9/Empty.uasset" 494
"../../../Engine/Plugins/Editor/SpeedTreeImporter/Content/SpeedTree9/Empty.uexp" 495
"../../../Engine/Content/Functions/Engine_MaterialFunctions02/Utility/BreakOutFloat3Components.uasset" 496
"../../../Engine/Content/Functions/Engine_MaterialFunctions02/Utility/BreakOutFloat3Components.uexp" 497
"../../../Engine/Plugins/Editor/SpeedTreeImporter/Content/SpeedTree9/UnpackInteger3.uasset" 498
"../../../Engine/Plugins/Editor/SpeedTreeImporter/Content/SpeedTree9/UnpackInteger3.uexp" 499
"../../../Engine/Plugins/Editor/SpeedTreeImporter/Content/SpeedTree9/SpeedTreeBillboard.uasset" 500
"../../../Engine/Plugins/Editor/SpeedTreeImporter/Content/SpeedTree9/SpeedTreeBillboard.uexp" 501
"../../../Engine/Plugins/Editor/SpeedTreeImporter/Content/SpeedTree9/UnpackDirection.uasset" 502
"../../../Engine/Plugins/Editor/SpeedTreeImporter/Content/SpeedTree9/UnpackDirection.uexp" 503
"../../../Engine/Plugins/Editor/SpeedTreeImporter/Content/SpeedTree9/game_wind_noise.uasset" 504
"../../../Engine/Plugins/Editor/SpeedTreeImporter/Content/SpeedTree9/game_wind_noise.uexp" 505
"../../../Engine/Plugins/Editor/SpeedTreeImporter/Content/SpeedTree9/game_wind_noise.ubulk" 506
"../../../Engine/Content/Functions/Engine_MaterialFunctions02/SafeNormalize.uasset" 507
"../../../Engine/Content/Functions/Engine_MaterialFunctions02/SafeNormalize.uexp" 508
"../../../Engine/Plugins/Editor/SpeedTreeImporter/Content/SpeedTree9/SpeedTreeWindMotion.uasset" 509
"../../../Engine/Plugins/Editor/SpeedTreeImporter/Content/SpeedTree9/SpeedTreeWindMotion.uexp" 510
"../../../Engine/Plugins/Editor/SpeedTreeImporter/Content/SpeedTree9/SpeedTreeBranchMotion.uasset" 511
"../../../Engine/Plugins/Editor/SpeedTreeImporter/Content/SpeedTree9/SpeedTreeBranchMotion.uexp" 512
"../../../Engine/Content/Functions/Engine_MaterialFunctions02/ObjectLocalBounds.uasset" 513
"../../../Engine/Content/Functions/Engine_MaterialFunctions02/ObjectLocalBounds.uexp" 514
"../../../Engine/Content/Functions/Engine_MaterialFunctions02/UVs/BoundingBoxBased_0-1_UVW.uasset" 515
"../../../Engine/Content/Functions/Engine_MaterialFunctions02/UVs/BoundingBoxBased_0-1_UVW.uexp" 516
"../../../Engine/Content/Functions/Engine_MaterialFunctions02/Utility/VectorLength.uasset" 517
"../../../Engine/Content/Functions/Engine_MaterialFunctions02/Utility/VectorLength.uexp" 518
"../../../Engine/Content/Functions/Engine_MaterialFunctions02/WorldPositionOffset/ObjectScale.uasset" 519
"../../../Engine/Content/Functions/Engine_MaterialFunctions02/WorldPositionOffset/ObjectScale.uexp" 520
"../../../Engine/Plugins/Editor/SpeedTreeImporter/Content/SpeedTree9/SpeedTreeWind.uasset" 521
"../../../Engine/Plugins/Editor/SpeedTreeImporter/Content/SpeedTree9/SpeedTreeWind.uexp" 522
"../../../Engine/Plugins/Editor/SpeedTreeImporter/Content/SpeedTree9/SpeedTreeBillboardMaster.uasset" 523
"../../../Engine/Plugins/Editor/SpeedTreeImporter/Content/SpeedTree9/SpeedTreeBillboardMaster.uexp" 524
"../../../Engine/Plugins/Editor/SpeedTreeImporter/Content/SpeedTree9/SpeedTreeCameraFacing.uasset" 525
"../../../Engine/Plugins/Editor/SpeedTreeImporter/Content/SpeedTree9/SpeedTreeCameraFacing.uexp" 526
"../../../Engine/Plugins/Editor/SpeedTreeImporter/Content/SpeedTree9/SpeedTreeMaster.uasset" 527
"../../../Engine/Plugins/Editor/SpeedTreeImporter/Content/SpeedTree9/SpeedTreeMaster.uexp" 528
"../../../Engine/Content/EngineSky/T_Sky_Stars.uasset" 529
"../../../Engine/Content/EngineSky/T_Sky_Stars.uexp" 530
"../../../Engine/Content/EngineSky/T_Sky_Stars.ubulk" 531
"../../../Engine/Content/EngineSky/T_Sky_Clouds_M.uasset" 532
"../../../Engine/Content/EngineSky/T_Sky_Clouds_M.uexp" 533
"../../../Engine/Content/EngineSky/T_Sky_Clouds_M.ubulk" 534
"../../../Engine/Content/EngineSky/T_Sky_Blue.uasset" 535
"../../../Engine/Content/EngineSky/T_Sky_Blue.uexp" 536
"../../../Engine/Content/EngineSky/T_Sky_Blue.ubulk" 537
"../../../Engine/Content/EngineSky/M_Sky_Panning_Clouds2.uasset" 538
"../../../Engine/Content/EngineSky/M_Sky_Panning_Clouds2.uexp" 539
"../../../Engine/Content/Functions/Engine_MaterialFunctions03/Procedurals/ComputeFilterWidth.uasset" 540
"../../../Engine/Content/Functions/Engine_MaterialFunctions03/Procedurals/ComputeFilterWidth.uexp" 541
"../../../Engine/Content/EngineMaterials/AntiAliasedTextMaterialTranslucent.uasset" 542
"../../../Engine/Content/EngineMaterials/AntiAliasedTextMaterialTranslucent.uexp" 543
"../../../Engine/Content/EngineSky/C_Sky_Horizon_Color.uasset" 544
"../../../Engine/Content/EngineSky/C_Sky_Horizon_Color.uexp" 545
"../../../Engine/Content/EngineSky/C_Sky_Cloud_Color.uasset" 546
"../../../Engine/Content/EngineSky/C_Sky_Cloud_Color.uexp" 547
"../../../Engine/Content/EngineSky/C_Sky_Zenith_Color.uasset" 548
"../../../Engine/Content/EngineSky/C_Sky_Zenith_Color.uexp" 549
"../../../Engine/Content/EngineSky/SM_SkySphere.uasset" 550
"../../../Engine/Content/EngineSky/SM_SkySphere.uexp" 551
"../../../Engine/Content/EngineSky/BP_Sky_Sphere.uasset" 552
"../../../Engine/Content/EngineSky/BP_Sky_Sphere.uexp" 553
"/Users/j.k.bowden/Documents/GitHub/Team_3_Project/Content/Maps/SideScrollerExampleMap_BuiltData.uasset" 554
"/Users/j.k.bowden/Documents/GitHub/Team_3_Project/Content/Maps/SideScrollerExampleMap_BuiltData.uexp" 555
"/Users/j.k.bowden/Documents/GitHub/Team_3_Project/Content/Maps/SideScrollerExampleMap_BuiltData.ubulk" 556
"/Users/j.k.bowden/Documents/GitHub/Team_3_Project/Content/Maps/SideScrollerExampleMap.uexp" 557
"/Users/j.k.bowden/Documents/GitHub/Team_3_Project/Content/Maps/SideScrollerExampleMap.umap" 558
"/Users/j.k.bowden/Documents/GitHub/Team_3_Project/Content/Levels/SideScrollerExampleMap_BuiltData.uasset" 559
"/Users/j.k.bowden/Documents/GitHub/Team_3_Project/Content/Levels/SideScrollerExampleMap_BuiltData.uexp" 560
"/Users/j.k.bowden/Documents/GitHub/Team_3_Project/Content/Levels/SideScrollerExampleMap_BuiltData.ubulk" 561
"/Users/j.k.bowden/Documents/GitHub/Team_3_Project/Content/Sprites/Untitled_Artwork.uasset" 562
"/Users/j.k.bowden/Documents/GitHub/Team_3_Project/Content/Sprites/Untitled_Artwork.uexp" 563
"/Users/j.k.bowden/Documents/GitHub/Team_3_Project/Content/Sprites/Untitled_Artwork_Sprite.uasset" 564
"/Users/j.k.bowden/Documents/GitHub/Team_3_Project/Content/Sprites/Untitled_Artwork_Sprite.uexp" 565
"/Users/j.k.bowden/Documents/GitHub/Team_3_Project/Content/Sprites/Layer_15.uasset" 566
"/Users/j.k.bowden/Documents/GitHub/Team_3_Project/Content/Sprites/Layer_15.uexp" 567
"/Users/j.k.bowden/Documents/GitHub/Team_3_Project/Content/Sprites/Layer_15_Sprite.uasset" 568
"/Users/j.k.bowden/Documents/GitHub/Team_3_Project/Content/Sprites/Layer_15_Sprite.uexp" 569
"/Users/j.k.bowden/Documents/GitHub/Team_3_Project/Content/Sprites/Untitled-1.uasset" 570
"/Users/j.k.bowden/Documents/GitHub/Team_3_Project/Content/Sprites/Untitled-1.uexp" 571
"/Users/j.k.bowden/Documents/GitHub/Team_3_Project/Content/Sprites/Untitled-1_Sprite.uasset" 572
"/Users/j.k.bowden/Documents/GitHub/Team_3_Project/Content/Sprites/Untitled-1_Sprite.uexp" 573
"/Users/j.k.bowden/Documents/GitHub/Team_3_Project/Content/Sprites/Untitled-2.uasset" 574
"/Users/j.k.bowden/Documents/GitHub/Team_3_Project/Content/Sprites/Untitled-2.uexp" 575
"/Users/j.k.bowden/Documents/GitHub/Team_3_Project/Content/Sprites/Untitled-2_Sprite.uasset" 576
"/Users/j.k.bowden/Documents/GitHub/Team_3_Project/Content/Sprites/Untitled-2_Sprite.uexp" 577
"/Users/j.k.bowden/Documents/GitHub/Team_3_Project/Content/Sprites/Layer_16.uasset" 578
"/Users/j.k.bowden/Documents/GitHub/Team_3_Project/Content/Sprites/Layer_16.uexp" 579
"/Users/j.k.bowden/Documents/GitHub/Team_3_Project/Content/Sprites/Layer_16_Sprite.uasset" 580
"/Users/j.k.bowden/Documents/GitHub/Team_3_Project/Content/Sprites/Layer_16_Sprite.uexp" 581
"/Users/j.k.bowden/Documents/GitHub/Team_3_Project/Content/Sprites/Layer_12.uasset" 582
"/Users/j.k.bowden/Documents/GitHub/Team_3_Project/Content/Sprites/Layer_12.uexp" 583
"/Users/j.k.bowden/Documents/GitHub/Team_3_Project/Content/Sprites/Layer_12_Sprite.uasset" 584
"/Users/j.k.bowden/Documents/GitHub/Team_3_Project/Content/Sprites/Layer_12_Sprite.uexp" 585
"/Users/j.k.bowden/Documents/GitHub/Team_3_Project/Content/Sprites/Layer_6.uasset" 586
"/Users/j.k.bowden/Documents/GitHub/Team_3_Project/Content/Sprites/Layer_6.uexp" 587
"/Users/j.k.bowden/Documents/GitHub/Team_3_Project/Content/Sprites/Layer_6_Sprite.uasset" 588
"/Users/j.k.bowden/Documents/GitHub/Team_3_Project/Content/Sprites/Layer_6_Sprite.uexp" 589
"/Users/j.k.bowden/Documents/GitHub/Team_3_Project/Content/Meshes/1M_Cube.uasset" 590
"/Users/j.k.bowden/Documents/GitHub/Team_3_Project/Content/Meshes/1M_Cube.uexp" 591
"/Users/j.k.bowden/Documents/GitHub/Team_3_Project/Content/Meshes/Txt_JunkPile_BaseColour_001.uasset" 592
"/Users/j.k.bowden/Documents/GitHub/Team_3_Project/Content/Meshes/Txt_JunkPile_BaseColour_001.uexp" 593
"/Users/j.k.bowden/Documents/GitHub/Team_3_Project/Content/Meshes/Txt_JunkPile_OcclusionRoughnessMetallic_001.uasset" 594
"/Users/j.k.bowden/Documents/GitHub/Team_3_Project/Content/Meshes/Txt_JunkPile_OcclusionRoughnessMetallic_001.uexp" 595
"/Users/j.k.bowden/Documents/GitHub/Team_3_Project/Content/Meshes/Txt_JunkPile_Normal_001.uasset" 596
"/Users/j.k.bowden/Documents/GitHub/Team_3_Project/Content/Meshes/Txt_JunkPile_Normal_001.uexp" 597
"/Users/j.k.bowden/Documents/GitHub/Team_3_Project/Content/Meshes/Junk_Mat.uasset" 598
"/Users/j.k.bowden/Documents/GitHub/Team_3_Project/Content/Meshes/Junk_Mat.uexp" 599
"/Users/j.k.bowden/Documents/GitHub/Team_3_Project/Content/Meshes/SM_Junk001_Barrel_LP.uasset" 600
"/Users/j.k.bowden/Documents/GitHub/Team_3_Project/Content/Meshes/SM_Junk001_Barrel_LP.uexp" 601
"/Users/j.k.bowden/Documents/GitHub/Team_3_Project/Content/Meshes/ScaffoldingBridge_001_lambert1_Normal.uasset" 602
"/Users/j.k.bowden/Documents/GitHub/Team_3_Project/Content/Meshes/ScaffoldingBridge_001_lambert1_Normal.uexp" 603
"/Users/j.k.bowden/Documents/GitHub/Team_3_Project/Content/Meshes/ScaffoldingBridge_001_lambert1_OcclusionRoughnessMetallic.uasset" 604
"/Users/j.k.bowden/Documents/GitHub/Team_3_Project/Content/Meshes/ScaffoldingBridge_001_lambert1_OcclusionRoughnessMetallic.uexp" 605
"/Users/j.k.bowden/Documents/GitHub/Team_3_Project/Content/Meshes/ScaffoldingBridge_001_lambert1_BaseColor.uasset" 606
"/Users/j.k.bowden/Documents/GitHub/Team_3_Project/Content/Meshes/ScaffoldingBridge_001_lambert1_BaseColor.uexp" 607
"/Users/j.k.bowden/Documents/GitHub/Team_3_Project/Content/Meshes/Scaf_Mat.uasset" 608
"/Users/j.k.bowden/Documents/GitHub/Team_3_Project/Content/Meshes/Scaf_Mat.uexp" 609
"/Users/j.k.bowden/Documents/GitHub/Team_3_Project/Content/Meshes/TemplateFloor.uasset" 610
"/Users/j.k.bowden/Documents/GitHub/Team_3_Project/Content/Meshes/TemplateFloor.uexp" 611
"/Users/j.k.bowden/Documents/GitHub/Team_3_Project/Content/Meshes/ScaffoldingBridge_001_polySurface1.uasset" 612
"/Users/j.k.bowden/Documents/GitHub/Team_3_Project/Content/Meshes/ScaffoldingBridge_001_polySurface1.uexp" 613
"/Users/j.k.bowden/Documents/GitHub/Team_3_Project/Content/Meshes/ScaffoldingBridge_001_Boards.uasset" 614
"/Users/j.k.bowden/Documents/GitHub/Team_3_Project/Content/Meshes/ScaffoldingBridge_001_Boards.uexp" 615
"/Users/j.k.bowden/Documents/GitHub/Team_3_Project/Content/Meshes/SM_Junk001.uasset" 616
"/Users/j.k.bowden/Documents/GitHub/Team_3_Project/Content/Meshes/SM_Junk001.uexp" 617
"/Users/j.k.bowden/Documents/GitHub/Team_3_Project/Content/Blueprints/BP_Teleport.uasset" 618
"/Users/j.k.bowden/Documents/GitHub/Team_3_Project/Content/Blueprints/BP_Teleport.uexp" 619
"/Users/j.k.bowden/Documents/GitHub/Team_3_Project/Content/Blueprints/BP_Hight.uasset" 620
"/Users/j.k.bowden/Documents/GitHub/Team_3_Project/Content/Blueprints/BP_Hight.uexp" 621
"/Users/j.k.bowden/Documents/GitHub/Team_3_Project/Content/Levels/SideScrollerExampleMap.uexp" 622
"/Users/j.k.bowden/Documents/GitHub/Team_3_Project/Content/Levels/SideScrollerExampleMap.umap" 623
"../../../Engine/Content/Maps/Entry_BuiltData.uasset" 624
"../../../Engine/Content/Maps/Entry_BuiltData.uexp" 625
"../../../Engine/Content/Maps/Entry.uexp" 626
"../../../Engine/Content/Maps/Entry.umap" 627
